<?xml version="1.0" encoding="UTF-8"?>
<testsuite name="com.leon.calculator.CalculatorApplicationTests" tests="1" skipped="0" failures="0" errors="0" timestamp="2022-11-21T03:07:12" hostname="Luiss-MacBook-Pro.local" time="0.61">
  <properties/>
  <testcase name="contextLoads()" classname="com.leon.calculator.CalculatorApplicationTests" time="0.61"/>
  <system-out><![CDATA[19:07:10.480 [Test worker] DEBUG org.springframework.test.context.BootstrapUtils - Instantiating CacheAwareContextLoaderDelegate from class [org.springframework.test.context.cache.DefaultCacheAwareContextLoaderDelegate]
19:07:10.500 [Test worker] DEBUG org.springframework.test.context.BootstrapUtils - Instantiating BootstrapContext using constructor [public org.springframework.test.context.support.DefaultBootstrapContext(java.lang.Class,org.springframework.test.context.CacheAwareContextLoaderDelegate)]
19:07:10.566 [Test worker] DEBUG org.springframework.test.context.BootstrapUtils - Instantiating TestContextBootstrapper for test class [com.leon.calculator.CalculatorApplicationTests] from class [org.springframework.boot.test.context.SpringBootTestContextBootstrapper]
19:07:10.583 [Test worker] INFO org.springframework.boot.test.context.SpringBootTestContextBootstrapper - Neither @ContextConfiguration nor @ContextHierarchy found for test class [com.leon.calculator.CalculatorApplicationTests], using SpringBootContextLoader
19:07:10.590 [Test worker] DEBUG org.springframework.test.context.support.AbstractContextLoader - Did not detect default resource location for test class [com.leon.calculator.CalculatorApplicationTests]: class path resource [com/leon/calculator/CalculatorApplicationTests-context.xml] does not exist
19:07:10.591 [Test worker] DEBUG org.springframework.test.context.support.AbstractContextLoader - Did not detect default resource location for test class [com.leon.calculator.CalculatorApplicationTests]: class path resource [com/leon/calculator/CalculatorApplicationTestsContext.groovy] does not exist
19:07:10.591 [Test worker] INFO org.springframework.test.context.support.AbstractContextLoader - Could not detect default resource locations for test class [com.leon.calculator.CalculatorApplicationTests]: no resource found for suffixes {-context.xml, Context.groovy}.
19:07:10.592 [Test worker] INFO org.springframework.test.context.support.AnnotationConfigContextLoaderUtils - Could not detect default configuration classes for test class [com.leon.calculator.CalculatorApplicationTests]: CalculatorApplicationTests does not declare any static, non-private, non-final, nested classes annotated with @Configuration.
19:07:10.656 [Test worker] DEBUG org.springframework.test.context.support.ActiveProfilesUtils - Could not find an 'annotation declaring class' for annotation type [org.springframework.test.context.ActiveProfiles] and class [com.leon.calculator.CalculatorApplicationTests]
19:07:10.757 [Test worker] DEBUG org.springframework.context.annotation.ClassPathScanningCandidateComponentProvider - Identified candidate component class: file [/Users/leon/Desktop/DevOps/SampleProjectForPipeline/calculator/build/classes/java/main/com/leon/calculator/CalculatorApplication.class]
19:07:10.764 [Test worker] INFO org.springframework.boot.test.context.SpringBootTestContextBootstrapper - Found @SpringBootConfiguration com.leon.calculator.CalculatorApplication for test class com.leon.calculator.CalculatorApplicationTests
19:07:10.921 [Test worker] DEBUG org.springframework.boot.test.context.SpringBootTestContextBootstrapper - @TestExecutionListeners is not present for class [com.leon.calculator.CalculatorApplicationTests]: using defaults.
19:07:10.922 [Test worker] INFO org.springframework.boot.test.context.SpringBootTestContextBootstrapper - Loaded default TestExecutionListener class names from location [META-INF/spring.factories]: [org.springframework.boot.test.autoconfigure.restdocs.RestDocsTestExecutionListener, org.springframework.boot.test.autoconfigure.web.client.MockRestServiceServerResetTestExecutionListener, org.springframework.boot.test.autoconfigure.web.servlet.MockMvcPrintOnlyOnFailureTestExecutionListener, org.springframework.boot.test.autoconfigure.web.servlet.WebDriverTestExecutionListener, org.springframework.boot.test.autoconfigure.webservices.client.MockWebServiceServerTestExecutionListener, org.springframework.boot.test.mock.mockito.MockitoTestExecutionListener, org.springframework.boot.test.mock.mockito.ResetMocksTestExecutionListener, org.springframework.test.context.web.ServletTestExecutionListener, org.springframework.test.context.support.DirtiesContextBeforeModesTestExecutionListener, org.springframework.test.context.event.ApplicationEventsTestExecutionListener, org.springframework.test.context.support.DependencyInjectionTestExecutionListener, org.springframework.test.context.support.DirtiesContextTestExecutionListener, org.springframework.test.context.transaction.TransactionalTestExecutionListener, org.springframework.test.context.jdbc.SqlScriptsTestExecutionListener, org.springframework.test.context.event.EventPublishingTestExecutionListener]
19:07:10.943 [Test worker] DEBUG org.springframework.boot.test.context.SpringBootTestContextBootstrapper - Skipping candidate TestExecutionListener [org.springframework.test.context.transaction.TransactionalTestExecutionListener] due to a missing dependency. Specify custom listener classes or make the default listener classes and their required dependencies available. Offending class: [org/springframework/transaction/interceptor/TransactionAttributeSource]
19:07:10.943 [Test worker] DEBUG org.springframework.boot.test.context.SpringBootTestContextBootstrapper - Skipping candidate TestExecutionListener [org.springframework.test.context.jdbc.SqlScriptsTestExecutionListener] due to a missing dependency. Specify custom listener classes or make the default listener classes and their required dependencies available. Offending class: [org/springframework/transaction/interceptor/TransactionAttribute]
19:07:10.944 [Test worker] INFO org.springframework.boot.test.context.SpringBootTestContextBootstrapper - Using TestExecutionListeners: [org.springframework.test.context.web.ServletTestExecutionListener@3289079a, org.springframework.test.context.support.DirtiesContextBeforeModesTestExecutionListener@32fa809f, org.springframework.test.context.event.ApplicationEventsTestExecutionListener@788ba63e, org.springframework.boot.test.mock.mockito.MockitoTestExecutionListener@12a14b74, org.springframework.boot.test.autoconfigure.SpringBootDependencyInjectionTestExecutionListener@68ee3b6d, org.springframework.test.context.support.DirtiesContextTestExecutionListener@e76b097, org.springframework.test.context.event.EventPublishingTestExecutionListener@2be95d31, org.springframework.boot.test.autoconfigure.restdocs.RestDocsTestExecutionListener@338b49d3, org.springframework.boot.test.autoconfigure.web.client.MockRestServiceServerResetTestExecutionListener@2aa7399c, org.springframework.boot.test.autoconfigure.web.servlet.MockMvcPrintOnlyOnFailureTestExecutionListener@11eed657, org.springframework.boot.test.autoconfigure.web.servlet.WebDriverTestExecutionListener@708f018e, org.springframework.boot.test.autoconfigure.webservices.client.MockWebServiceServerTestExecutionListener@19a31b9d, org.springframework.boot.test.mock.mockito.ResetMocksTestExecutionListener@a5bbaec]
19:07:10.948 [Test worker] DEBUG org.springframework.test.context.support.AbstractDirtiesContextTestExecutionListener - Before test class: context [DefaultTestContext@6d074b14 testClass = CalculatorApplicationTests, testInstance = [null], testMethod = [null], testException = [null], mergedContextConfiguration = [WebMergedContextConfiguration@c017175 testClass = CalculatorApplicationTests, locations = '{}', classes = '{class com.leon.calculator.CalculatorApplication}', contextInitializerClasses = '[]', activeProfiles = '{}', propertySourceLocations = '{}', propertySourceProperties = '{org.springframework.boot.test.context.SpringBootTestContextBootstrapper=true}', contextCustomizers = set[org.springframework.boot.test.autoconfigure.actuate.metrics.MetricsExportContextCustomizerFactory$DisableMetricExportContextCustomizer@748e9b20, org.springframework.boot.test.autoconfigure.properties.PropertyMappingContextCustomizer@0, org.springframework.boot.test.autoconfigure.web.servlet.WebDriverContextCustomizerFactory$Customizer@64c4c01, org.springframework.boot.test.context.filter.ExcludeFilterContextCustomizer@14f3c6fc, org.springframework.boot.test.json.DuplicateJsonObjectContextCustomizerFactory$DuplicateJsonObjectContextCustomizer@1c504e66, org.springframework.boot.test.mock.mockito.MockitoContextCustomizer@0, org.springframework.boot.test.web.client.TestRestTemplateContextCustomizer@3f29e26, org.springframework.boot.test.context.SpringBootTestArgs@1, org.springframework.boot.test.context.SpringBootTestWebEnvironment@1a7288a3], resourceBasePath = 'src/main/webapp', contextLoader = 'org.springframework.boot.test.context.SpringBootContextLoader', parent = [null]], attributes = map['org.springframework.test.context.web.ServletTestExecutionListener.activateListener' -> true]], class annotated with @DirtiesContext [false] with mode [null].

  .   ____          _            __ _ _
 /\\ / ___'_ __ _ _(_)_ __  __ _ \ \ \ \
( ( )\___ | '_ | '_| | '_ \/ _` | \ \ \ \
 \\/  ___)| |_)| | | | | || (_| |  ) ) ) )
  '  |____| .__|_| |_|_| |_\__, | / / / /
 =========|_|==============|___/=/_/_/_/
 :: Spring Boot ::                (v2.7.4)

2022-11-20 19:07:11.407  INFO 46044 --- [    Test worker] c.l.c.CalculatorApplicationTests         : Starting CalculatorApplicationTests using Java 18.0.2.1 on Luiss-MacBook-Pro.local with PID 46044 (started by leon in /Users/leon/Desktop/DevOps/SampleProjectForPipeline/calculator)
2022-11-20 19:07:11.408  INFO 46044 --- [    Test worker] c.l.c.CalculatorApplicationTests         : No active profile set, falling back to 1 default profile: "default"
2022-11-20 19:07:12.936  INFO 46044 --- [    Test worker] c.l.c.CalculatorApplicationTests         : Started CalculatorApplicationTests in 1.932 seconds (JVM running for 8.675)
]]></system-out>
  <system-err><![CDATA[]]></system-err>
</testsuite>
